<?xml version="1.0" encoding="UTF-8"?>
<!-- Generated by org.testng.reporters.JUnitReportReporter -->
<testsuite skipped="0" hostname="USBLRABSHISH1MB" name="resrAssuredTests.TestRestFul" tests="1" failures="0" timestamp="21 Jul 2019 13:35:50 GMT" time="2.208" errors="0">
  <testcase name="testDeleteCall" time="2.208" classname="resrAssuredTests.TestRestFul"/>
</testsuite> <!-- resrAssuredTests.TestRestFul -->
