<?xml version="1.0" encoding="UTF-8"?>
<!-- Generated by org.testng.reporters.JUnitReportReporter -->
<testsuite skipped="0" hostname="USBLRABSHISH1MB" name="resrAssuredTests.PracticeClass" tests="1" failures="0" timestamp="25 Jul 2019 18:50:46 GMT" time="2.570" errors="0">
  <testcase name="getCall" time="2.570" classname="resrAssuredTests.PracticeClass"/>
</testsuite> <!-- resrAssuredTests.PracticeClass -->
