<?xml version="1.0" encoding="UTF-8"?>
<!-- Generated by org.testng.reporters.JUnitReportReporter -->
<testsuite skipped="0" hostname="USBLRABSHISH1MB" name="resrAssuredTests.TestRestFul" tests="2" failures="0" timestamp="24 Jul 2019 08:19:32 GMT" time="8.062" errors="0">
  <testcase name="testDeleteCall" time="3.955" classname="resrAssuredTests.TestRestFul"/>
  <testcase name="testGetCall" time="4.107" classname="resrAssuredTests.TestRestFul"/>
</testsuite> <!-- resrAssuredTests.TestRestFul -->
