<?xml version="1.0" encoding="UTF-8"?>
<!-- Generated by org.testng.reporters.JUnitReportReporter -->
<testsuite skipped="0" hostname="USBLRABSHISH1MB" name="resrAssuredTests.TestRestFul" tests="2" failures="0" timestamp="29 Jul 2019 18:31:09 GMT" time="7.184" errors="0">
  <testcase name="testGetCall" time="4.123" classname="resrAssuredTests.TestRestFul"/>
  <testcase name="testDeleteCall" time="3.061" classname="resrAssuredTests.TestRestFul"/>
</testsuite> <!-- resrAssuredTests.TestRestFul -->
